Added Component: Designator=C1(CAP 0805)
Add component. Clean all parameters for all variants
Add component (AddParameter): Name = "Value"; Value = "10uF 50V"; VariantName = "[No Variations]"
Added Component: Designator=C2(CAP 0805)
Add component. Clean all parameters for all variants
Add component (AddParameter): Name = "Value"; Value = "10n 50V"; VariantName = "[No Variations]"
Added Component: Designator=C3(CAP 0805)
Add component. Clean all parameters for all variants
Add component (AddParameter): Name = "Value"; Value = "22p 50V"; VariantName = "[No Variations]"
Added Component: Designator=C4(CAP 0805)
Add component. Clean all parameters for all variants
Add component (AddParameter): Name = "Value"; Value = "22p 50V"; VariantName = "[No Variations]"
Added Component: Designator=D1(SOD-123)
Add component. Clean all parameters for all variants
Added Component: Designator=D2(LED RED 0805)
Add component. Clean all parameters for all variants
Add component (AddParameter): Name = "Name"; Value = "Red Led"; VariantName = "[No Variations]"
Added Component: Designator=D3(LED GREEN 0805)
Add component. Clean all parameters for all variants
Add component (AddParameter): Name = "Name"; Value = "Green Led"; VariantName = "[No Variations]"
Added Component: Designator=D4(LED GREEN 0805)
Add component. Clean all parameters for all variants
Add component (AddParameter): Name = "Name"; Value = "Green Led"; VariantName = "[No Variations]"
Added Component: Designator=F1(FUSE)
Add component. Clean all parameters for all variants
Add component (AddParameter): Name = "Value"; Value = "500mA"; VariantName = "[No Variations]"
Added Component: Designator=J1(1x3 HEADER)
Add component. Clean all parameters for all variants
Added Component: Designator=J2(1X6 HEADER)
Add component. Clean all parameters for all variants
Added Component: Designator=J3(USB TYPE A)
Add component. Clean all parameters for all variants
Added Component: Designator=Q1(OSCILLATOR)
Add component. Clean all parameters for all variants
Add component (AddParameter): Name = "Value"; Value = "12Mhz"; VariantName = "[No Variations]"
Added Component: Designator=R1(RES 0805)
Add component. Clean all parameters for all variants
Add component (AddParameter): Name = "Value"; Value = "1k"; VariantName = "[No Variations]"
Added Component: Designator=R2(RES 0805)
Add component. Clean all parameters for all variants
Add component (AddParameter): Name = "Value"; Value = "1k"; VariantName = "[No Variations]"
Added Component: Designator=R3(RES 0805)
Add component. Clean all parameters for all variants
Add component (AddParameter): Name = "Value"; Value = "1k"; VariantName = "[No Variations]"
Added Component: Designator=R4(RES 0805)
Add component. Clean all parameters for all variants
Add component (AddParameter): Name = "Value"; Value = "1k"; VariantName = "[No Variations]"
Added Component: Designator=U1(SOP-16)
Add component. Clean all parameters for all variants
Add component (AddParameter): Name = "Name"; Value = "CH340G"; VariantName = "[No Variations]"
Added Pin To Net: NetName=+3V3 Pin=C2-2
Added Pin To Net: NetName=+3V3 Pin=J1-3
Added Pin To Net: NetName=+3V3 Pin=U1-4
Added Net: Name=+3V3
Added Pin To Net: NetName=+5V Pin=C1-2
Added Pin To Net: NetName=+5V Pin=D1-1
Added Pin To Net: NetName=+5V Pin=D3-1
Added Pin To Net: NetName=+5V Pin=D4-1
Added Pin To Net: NetName=+5V Pin=F1-2
Added Pin To Net: NetName=+5V Pin=J1-1
Added Net: Name=+5V
Added Pin To Net: NetName=CTS Pin=J2-5
Added Pin To Net: NetName=CTS Pin=J2-5
Added Pin To Net: NetName=CTS Pin=U1-9
Added Net: Name=CTS
Added Pin To Net: NetName=D+ Pin=J3-3
Added Pin To Net: NetName=D+ Pin=U1-5
Added Net: Name=D+
Added Pin To Net: NetName=D- Pin=J3-2
Added Pin To Net: NetName=D- Pin=U1-6
Added Net: Name=D-
Added Pin To Net: NetName=DTR Pin=J2-1
Added Pin To Net: NetName=DTR Pin=U1-13
Added Net: Name=DTR
Added Pin To Net: NetName=GND Pin=C1-1
Added Pin To Net: NetName=GND Pin=C2-1
Added Pin To Net: NetName=GND Pin=C3-1
Added Pin To Net: NetName=GND Pin=C4-1
Added Pin To Net: NetName=GND Pin=D2-2
Added Pin To Net: NetName=GND Pin=J2-6
Added Pin To Net: NetName=GND Pin=J3-4
Added Pin To Net: NetName=GND Pin=U1-1
Added Net: Name=GND
Added Pin To Net: NetName=NetC3_2 Pin=C3-2
Added Pin To Net: NetName=NetC3_2 Pin=Q1-1
Added Pin To Net: NetName=NetC3_2 Pin=U1-7
Added Net: Name=NetC3_2
Added Pin To Net: NetName=NetC4_2 Pin=C4-2
Added Pin To Net: NetName=NetC4_2 Pin=Q1-2
Added Pin To Net: NetName=NetC4_2 Pin=U1-8
Added Net: Name=NetC4_2
Added Pin To Net: NetName=NetD2_1 Pin=D2-1
Added Pin To Net: NetName=NetD2_1 Pin=R2-2
Added Net: Name=NetD2_1
Added Pin To Net: NetName=NetD3_2 Pin=D3-2
Added Pin To Net: NetName=NetD3_2 Pin=R3-2
Added Net: Name=NetD3_2
Added Pin To Net: NetName=NetD4_2 Pin=D4-2
Added Pin To Net: NetName=NetD4_2 Pin=R4-2
Added Net: Name=NetD4_2
Added Pin To Net: NetName=NetF1_1 Pin=F1-1
Added Pin To Net: NetName=NetF1_1 Pin=J3-1
Added Net: Name=NetF1_1
Added Pin To Net: NetName=NetJ2_2 Pin=J2-2
Added Pin To Net: NetName=NetJ2_2 Pin=R1-2
Added Net: Name=NetJ2_2
Added Pin To Net: NetName=RXD Pin=J2-3
Added Pin To Net: NetName=RXD Pin=R4-1
Added Pin To Net: NetName=RXD Pin=U1-3
Added Net: Name=RXD
Added Pin To Net: NetName=TXD Pin=R1-1
Added Pin To Net: NetName=TXD Pin=R3-1
Added Pin To Net: NetName=TXD Pin=U1-2
Added Net: Name=TXD
Added Pin To Net: NetName=VCC Pin=D1-2
Added Pin To Net: NetName=VCC Pin=J1-2
Added Pin To Net: NetName=VCC Pin=J2-4
Added Pin To Net: NetName=VCC Pin=R2-1
Added Pin To Net: NetName=VCC Pin=U1-16
Added Net: Name=VCC
Added Class: Name=usb_uart_converter
Added Room: Name=usb_uart_converter
